0 info it worked if it ends with ok
1 verbose cli [ '/home/wizzy/.nvm/versions/node/v6.9.1/bin/node',
1 verbose cli   '/home/wizzy/.nvm/versions/node/v6.9.1/bin/npm',
1 verbose cli   'install' ]
2 info using npm@3.10.8
3 info using node@v6.9.1
4 silly loadCurrentTree Starting
5 silly install loadCurrentTree
6 silly install readLocalPackageData
7 silly install normalizeTree
8 silly loadCurrentTree Finishing
9 silly loadIdealTree Starting
10 silly install loadIdealTree
11 silly cloneCurrentTree Starting
12 silly install cloneCurrentTreeToIdealTree
13 silly cloneCurrentTree Finishing
14 silly loadShrinkwrap Starting
15 silly install loadShrinkwrap
16 silly loadShrinkwrap Finishing
17 silly loadAllDepsIntoIdealTree Starting
18 silly install loadAllDepsIntoIdealTree
19 silly fetchOtherPackageData groc@github:rootwizzy/groc
20 silly cache add args [ 'groc@github:rootwizzy/groc', null ]
21 verbose cache add spec groc@github:rootwizzy/groc
22 silly cache add parsed spec Result {
22 silly cache add   raw: 'groc@github:rootwizzy/groc',
22 silly cache add   scope: null,
22 silly cache add   escapedName: 'groc',
22 silly cache add   name: 'groc',
22 silly cache add   rawSpec: 'github:rootwizzy/groc',
22 silly cache add   spec: 'github:rootwizzy/groc',
22 silly cache add   type: 'hosted',
22 silly cache add   hosted:
22 silly cache add    { type: 'github',
22 silly cache add      ssh: 'git@github.com:rootwizzy/groc.git',
22 silly cache add      sshUrl: 'git+ssh://git@github.com/rootwizzy/groc.git',
22 silly cache add      httpsUrl: 'git+https://github.com/rootwizzy/groc.git',
22 silly cache add      gitUrl: 'git://github.com/rootwizzy/groc.git',
22 silly cache add      shortcut: 'github:rootwizzy/groc',
22 silly cache add      directUrl: 'https://raw.githubusercontent.com/rootwizzy/groc/master/package.json' } }
23 verbose addRemoteGit caching github:rootwizzy/groc
24 verbose addRemoteGit rootwizzy/groc is a repository hosted by github
25 silly tryGitProto attempting to clone git://github.com/rootwizzy/groc.git
26 silly tryClone cloning rootwizzy/groc via git://github.com/rootwizzy/groc.git
27 verbose tryClone git-github-com-rootwizzy-groc-git-5fa535e5 not in flight; caching
28 verbose correctMkdir /home/wizzy/.npm/_git-remotes correctMkdir not in flight; initializing
29 verbose makeDirectory /home/wizzy/.npm/_git-remotes creation not in flight; initializing
30 silly makeDirectory /home/wizzy/.npm/_git-remotes uid: 1000 gid: 1000
31 info git [ 'clone',
31 info git   '--template=/home/wizzy/.npm/_git-remotes/_templates',
31 info git   '--mirror',
31 info git   'git://github.com/rootwizzy/groc.git',
31 info git   '/home/wizzy/.npm/_git-remotes/git-github-com-rootwizzy-groc-git-5fa535e5' ]
32 verbose mirrorRemote rootwizzy/groc git clone git://github.com/rootwizzy/groc.git
33 verbose correctMkdir /home/wizzy/.npm/_git-remotes correctMkdir not in flight; initializing
34 verbose setPermissions rootwizzy/groc set permissions on /home/wizzy/.npm/_git-remotes/git-github-com-rootwizzy-groc-git-5fa535e5
35 verbose resolveHead rootwizzy/groc original treeish: master
36 info git [ 'rev-list', '-n1', 'master' ]
37 silly resolveHead rootwizzy/groc resolved treeish: bc422694ff2cce08a9115dd9ea99d3950332dc93
38 verbose resolveHead rootwizzy/groc resolved Git URL: git://github.com/rootwizzy/groc.git#bc422694ff2cce08a9115dd9ea99d3950332dc93
39 silly resolveHead Git working directory: /tmp/npm-106590-29b1485b/git-cache-a3951b3c/bc422694ff2cce08a9115dd9ea99d3950332dc93
40 info git [ 'clone',
40 info git   '/home/wizzy/.npm/_git-remotes/git-github-com-rootwizzy-groc-git-5fa535e5',
40 info git   '/tmp/npm-106590-29b1485b/git-cache-a3951b3c/bc422694ff2cce08a9115dd9ea99d3950332dc93' ]
41 verbose cloneResolved rootwizzy/groc clone Cloning into '/tmp/npm-106590-29b1485b/git-cache-a3951b3c/bc422694ff2cce08a9115dd9ea99d3950332dc93'...
41 verbose cloneResolved done.
42 info git [ 'checkout', 'bc422694ff2cce08a9115dd9ea99d3950332dc93' ]
43 verbose checkoutTreeish rootwizzy/groc checkout Note: checking out 'bc422694ff2cce08a9115dd9ea99d3950332dc93'.
43 verbose checkoutTreeish
43 verbose checkoutTreeish You are in 'detached HEAD' state. You can look around, make experimental
43 verbose checkoutTreeish changes and commit them, and you can discard any commits you make in this
43 verbose checkoutTreeish state without impacting any branches by performing another checkout.
43 verbose checkoutTreeish
43 verbose checkoutTreeish If you want to create a new branch to retain commits you create, you may
43 verbose checkoutTreeish do so (now or later) by using -b with the checkout command again. Example:
43 verbose checkoutTreeish
43 verbose checkoutTreeish   git checkout -b <new-branch-name>
43 verbose checkoutTreeish
43 verbose checkoutTreeish HEAD is now at bc42269... [ADD] Rake file association with ruby language
44 info git [ 'submodule', '-q', 'update', '--init', '--recursive' ]
45 verbose updateSubmodules rootwizzy/groc submodule update
46 verbose addLocalDirectory /home/wizzy/.npm/groc/0.8.1/package.tgz not in flight; packing
47 verbose correctMkdir /home/wizzy/.npm correctMkdir not in flight; initializing
48 verbose tar pack [ '/home/wizzy/.npm/groc/0.8.1/package.tgz',
48 verbose tar pack   '/tmp/npm-106590-29b1485b/git-cache-a3951b3c/bc422694ff2cce08a9115dd9ea99d3950332dc93' ]
49 verbose tarball /home/wizzy/.npm/groc/0.8.1/package.tgz
50 verbose folder /tmp/npm-106590-29b1485b/git-cache-a3951b3c/bc422694ff2cce08a9115dd9ea99d3950332dc93
51 verbose addLocalTarball adding from inside cache /home/wizzy/.npm/groc/0.8.1/package.tgz
52 verbose correctMkdir /home/wizzy/.npm correctMkdir not in flight; initializing
53 verbose addRemoteGit data._from: rootwizzy/groc
54 verbose addRemoteGit data._resolved: git://github.com/rootwizzy/groc.git#bc422694ff2cce08a9115dd9ea99d3950332dc93
55 silly cache afterAdd groc@0.8.1
56 verbose afterAdd /home/wizzy/.npm/groc/0.8.1/package/package.json not in flight; writing
57 verbose correctMkdir /home/wizzy/.npm correctMkdir not in flight; initializing
58 verbose afterAdd /home/wizzy/.npm/groc/0.8.1/package/package.json written
59 silly resolveWithNewModule groc@0.8.1 checking installable status
60 silly loadAllDepsIntoIdealTree Finishing
61 silly loadIdealTree Finishing
62 silly currentTree totem-lodestar@0.4.8
62 silly currentTree ├── align-text@0.1.4
62 silly currentTree ├── amdefine@1.0.1
62 silly currentTree ├── async@0.2.10
62 silly currentTree ├── camelcase@1.2.1
62 silly currentTree ├── center-align@0.1.3
62 silly currentTree ├── character-parser@1.2.0
62 silly currentTree ├── cliui@2.1.0
62 silly currentTree ├── coffee-script@1.12.1
62 silly currentTree ├── colors@0.6.2
62 silly currentTree ├── commander@2.0.0
62 silly currentTree ├─┬ constantinople@1.0.2
62 silly currentTree │ └── uglify-js@2.4.24
62 silly currentTree ├── css-parse@1.0.4
62 silly currentTree ├── css-stringify@1.0.5
62 silly currentTree ├── css@1.0.8
62 silly currentTree ├── decamelize@1.2.0
62 silly currentTree ├── fs-tools@0.2.11
62 silly currentTree ├── glob@3.2.11
62 silly currentTree ├── groc
62 silly currentTree ├── highlight.js@8.9.1
62 silly currentTree ├── inherits@2.0.3
62 silly currentTree ├── is-buffer@1.1.4
62 silly currentTree ├── is-promise@1.0.1
62 silly currentTree ├── jade@0.35.0
62 silly currentTree ├── kind-of@3.1.0
62 silly currentTree ├── lazy-cache@1.0.4
62 silly currentTree ├── lodash@2.4.2
62 silly currentTree ├── longest@1.0.1
62 silly currentTree ├── lru-cache@2.7.3
62 silly currentTree ├── marked@0.2.10
62 silly currentTree ├── minimatch@0.3.0
62 silly currentTree ├── minimist@0.0.10
62 silly currentTree ├── mkdirp@0.3.5
62 silly currentTree ├── monocle@1.1.50
62 silly currentTree ├── optimist@0.6.1
62 silly currentTree ├── promise@2.0.0
62 silly currentTree ├── readdirp@0.2.5
62 silly currentTree ├── repeat-string@1.6.1
62 silly currentTree ├── right-align@0.1.3
62 silly currentTree ├── showdown@0.3.4
62 silly currentTree ├── sigmund@1.0.1
62 silly currentTree ├── source-map@0.1.34
62 silly currentTree ├── spate@0.1.0
62 silly currentTree ├─┬ transformers@2.1.0
62 silly currentTree │ ├── optimist@0.3.7
62 silly currentTree │ └── uglify-js@2.2.5
62 silly currentTree ├─┬ uglify-js@2.7.5
62 silly currentTree │ ├── source-map@0.5.6
62 silly currentTree │ └── yargs@3.10.0
62 silly currentTree ├── uglify-to-browserify@1.0.2
62 silly currentTree ├── underscore@1.8.3
62 silly currentTree ├── window-size@0.1.0
62 silly currentTree ├─┬ with@1.1.1
62 silly currentTree │ ├── optimist@0.3.7
62 silly currentTree │ └── uglify-js@2.4.0
62 silly currentTree ├── wordwrap@0.0.2
62 silly currentTree └── yargs@3.5.4
63 silly idealTree totem-lodestar@0.4.8
63 silly idealTree ├── align-text@0.1.4
63 silly idealTree ├── amdefine@1.0.1
63 silly idealTree ├── async@0.2.10
63 silly idealTree ├── camelcase@1.2.1
63 silly idealTree ├── center-align@0.1.3
63 silly idealTree ├── character-parser@1.2.0
63 silly idealTree ├── cliui@2.1.0
63 silly idealTree ├── coffee-script@1.12.1
63 silly idealTree ├── colors@0.6.2
63 silly idealTree ├── commander@2.0.0
63 silly idealTree ├─┬ constantinople@1.0.2
63 silly idealTree │ └── uglify-js@2.4.24
63 silly idealTree ├── css-parse@1.0.4
63 silly idealTree ├── css-stringify@1.0.5
63 silly idealTree ├── css@1.0.8
63 silly idealTree ├── decamelize@1.2.0
63 silly idealTree ├── fs-tools@0.2.11
63 silly idealTree ├── glob@3.2.11
63 silly idealTree ├── groc@0.8.1
63 silly idealTree ├── highlight.js@8.9.1
63 silly idealTree ├── inherits@2.0.3
63 silly idealTree ├── is-buffer@1.1.4
63 silly idealTree ├── is-promise@1.0.1
63 silly idealTree ├── jade@0.35.0
63 silly idealTree ├── kind-of@3.1.0
63 silly idealTree ├── lazy-cache@1.0.4
63 silly idealTree ├── lodash@2.4.2
63 silly idealTree ├── longest@1.0.1
63 silly idealTree ├── lru-cache@2.7.3
63 silly idealTree ├── marked@0.2.10
63 silly idealTree ├── minimatch@0.3.0
63 silly idealTree ├── minimist@0.0.10
63 silly idealTree ├── mkdirp@0.3.5
63 silly idealTree ├── monocle@1.1.50
63 silly idealTree ├── optimist@0.6.1
63 silly idealTree ├── promise@2.0.0
63 silly idealTree ├── readdirp@0.2.5
63 silly idealTree ├── repeat-string@1.6.1
63 silly idealTree ├── right-align@0.1.3
63 silly idealTree ├── showdown@0.3.4
63 silly idealTree ├── sigmund@1.0.1
63 silly idealTree ├── source-map@0.1.34
63 silly idealTree ├── spate@0.1.0
63 silly idealTree ├─┬ transformers@2.1.0
63 silly idealTree │ ├── optimist@0.3.7
63 silly idealTree │ └── uglify-js@2.2.5
63 silly idealTree ├─┬ uglify-js@2.7.5
63 silly idealTree │ ├── source-map@0.5.6
63 silly idealTree │ └── yargs@3.10.0
63 silly idealTree ├── uglify-to-browserify@1.0.2
63 silly idealTree ├── underscore@1.8.3
63 silly idealTree ├── window-size@0.1.0
63 silly idealTree ├─┬ with@1.1.1
63 silly idealTree │ ├── optimist@0.3.7
63 silly idealTree │ └── uglify-js@2.4.0
63 silly idealTree ├── wordwrap@0.0.2
63 silly idealTree └── yargs@3.5.4
64 silly generateActionsToTake Starting
65 silly install generateActionsToTake
66 warn checkPermissions Missing write access to /home/wizzy/Projects/apps-rails/totem-docs/node_modules/groc
67 silly rollbackFailedOptional Starting
68 silly rollbackFailedOptional Finishing
69 silly runTopLevelLifecycles Finishing
70 silly install printInstalled
71 warn totem-lodestar@0.4.8 No license field.
72 verbose If you need help, you may report this error at:
72 verbose     <https://github.com/npm/npm/issues>
73 verbose stack Error: ENOENT: no such file or directory, access '/home/wizzy/Projects/apps-rails/totem-docs/node_modules/groc'
73 verbose stack     at Error (native)
74 verbose cwd /home/wizzy/Projects/apps-rails/totem-docs
75 error Linux 4.4.0-21-generic
76 error argv "/home/wizzy/.nvm/versions/node/v6.9.1/bin/node" "/home/wizzy/.nvm/versions/node/v6.9.1/bin/npm" "install"
77 error node v6.9.1
78 error npm  v3.10.8
79 error path /home/wizzy/Projects/apps-rails/totem-docs/node_modules/groc
80 error code ENOENT
81 error errno -2
82 error syscall access
83 error enoent ENOENT: no such file or directory, access '/home/wizzy/Projects/apps-rails/totem-docs/node_modules/groc'
84 error enoent ENOENT: no such file or directory, access '/home/wizzy/Projects/apps-rails/totem-docs/node_modules/groc'
84 error enoent This is most likely not a problem with npm itself
84 error enoent and is related to npm not being able to find a file.
85 verbose exit [ -2, true ]
